<?xml version="1.0" encoding="UTF-8"?>
<!-- Generated by org.testng.reporters.JUnitReportReporter -->
<testsuite hostname="AbhinavReddy" name="com.p1.MavenTest" tests="1" failures="0" timestamp="23 Nov 2016 09:33:45 GMT" time="2.050" errors="0">
  <testcase name="disp" time="2.050" classname="com.p1.MavenTest"/>
</testsuite> <!-- com.p1.MavenTest -->
