<?xml version="1.0" encoding="UTF-8"?>
<!-- Generated by org.testng.reporters.JUnitReportReporter -->
<testsuite hostname="AbhinavReddy" name="MavenTest" tests="1" failures="0" timestamp="22 Nov 2016 08:16:48 GMT" time="0.015" errors="0">
  <testcase name="disp" time="0.015" classname="MavenTest"/>
</testsuite> <!-- MavenTest -->
